Obtaining file:///Users/cagysloth/Library/CloudStorage/OneDrive-TheUniversityofHongKong-Connect/HKU%20Studies/Year%205/COMP4801%20-%20CodeSpace/vendor/whatshap_core
  Installing build dependencies: started
  Installing build dependencies: finished with status 'done'
  Checking if build backend supports build_editable: started
  Checking if build backend supports build_editable: finished with status 'done'
  Getting requirements to build editable: started
  Getting requirements to build editable: finished with status 'done'
  Preparing editable metadata (pyproject.toml): started
  Preparing editable metadata (pyproject.toml): finished with status 'done'
Building wheels for collected packages: whcore
  Building editable for whcore (pyproject.toml): started
  Building editable for whcore (pyproject.toml): finished with status 'error'
  error: subprocess-exited-with-error
  
  × Building editable for whcore (pyproject.toml) did not run successfully.
  │ exit code: 1
  ╰─> [387 lines of output]
      running editable_wheel
      creating /private/var/folders/zb/1pq6svn50c3cphdqsd4k1hgr0000gn/T/pip-wheel-w7hqv_ta/.tmp-6wcdsigv/whcore.egg-info
      writing /private/var/folders/zb/1pq6svn50c3cphdqsd4k1hgr0000gn/T/pip-wheel-w7hqv_ta/.tmp-6wcdsigv/whcore.egg-info/PKG-INFO
      writing dependency_links to /private/var/folders/zb/1pq6svn50c3cphdqsd4k1hgr0000gn/T/pip-wheel-w7hqv_ta/.tmp-6wcdsigv/whcore.egg-info/dependency_links.txt
      writing top-level names to /private/var/folders/zb/1pq6svn50c3cphdqsd4k1hgr0000gn/T/pip-wheel-w7hqv_ta/.tmp-6wcdsigv/whcore.egg-info/top_level.txt
      writing manifest file '/private/var/folders/zb/1pq6svn50c3cphdqsd4k1hgr0000gn/T/pip-wheel-w7hqv_ta/.tmp-6wcdsigv/whcore.egg-info/SOURCES.txt'
      reading manifest file '/private/var/folders/zb/1pq6svn50c3cphdqsd4k1hgr0000gn/T/pip-wheel-w7hqv_ta/.tmp-6wcdsigv/whcore.egg-info/SOURCES.txt'
      adding license file 'LICENSE_WHATSHAP'
      writing manifest file '/private/var/folders/zb/1pq6svn50c3cphdqsd4k1hgr0000gn/T/pip-wheel-w7hqv_ta/.tmp-6wcdsigv/whcore.egg-info/SOURCES.txt'
      creating '/private/var/folders/zb/1pq6svn50c3cphdqsd4k1hgr0000gn/T/pip-wheel-w7hqv_ta/.tmp-6wcdsigv/whcore-0.0.1.dist-info'
      creating /private/var/folders/zb/1pq6svn50c3cphdqsd4k1hgr0000gn/T/pip-wheel-w7hqv_ta/.tmp-6wcdsigv/whcore-0.0.1.dist-info/WHEEL
      running build_py
      running build_ext
      building 'whatshap.core' extension
      creating /var/folders/zb/1pq6svn50c3cphdqsd4k1hgr0000gn/T/tmpjhtud2y0.build-temp/Users/cagysloth/Library/CloudStorage/OneDrive-TheUniversityofHongKong-Connect/HKU Studies/Year 5/COMP4801 - CodeSpace/vendor/whatshap_core/src
      creating /var/folders/zb/1pq6svn50c3cphdqsd4k1hgr0000gn/T/tmpjhtud2y0.build-temp/Users/cagysloth/Library/CloudStorage/OneDrive-TheUniversityofHongKong-Connect/HKU Studies/Year 5/COMP4801 - CodeSpace/vendor/whatshap_core/src/hapchat
      creating /var/folders/zb/1pq6svn50c3cphdqsd4k1hgr0000gn/T/tmpjhtud2y0.build-temp/Users/cagysloth/Library/CloudStorage/OneDrive-TheUniversityofHongKong-Connect/HKU Studies/Year 5/COMP4801 - CodeSpace/vendor/whatshap_core/whatshap
      clang++ -fno-strict-overflow -Wsign-compare -Wunreachable-code -DNDEBUG -O2 -Wall -fPIC -O2 -isystem /Users/cagysloth/miniconda3/include -arch arm64 -fPIC -O2 -isystem /Users/cagysloth/miniconda3/include -arch arm64 -UNDEBUG "-I/Users/cagysloth/Library/CloudStorage/OneDrive-TheUniversityofHongKong-Connect/HKU Studies/Year 5/COMP4801 - CodeSpace/vendor/whatshap_core/src" "-I/Users/cagysloth/Library/CloudStorage/OneDrive-TheUniversityofHongKong-Connect/HKU Studies/Year 5/COMP4801 - CodeSpace/.venv/include" -I/Users/cagysloth/miniconda3/include/python3.13 -c "/Users/cagysloth/Library/CloudStorage/OneDrive-TheUniversityofHongKong-Connect/HKU Studies/Year 5/COMP4801 - CodeSpace/vendor/whatshap_core/src/backwardcolumniterator.cpp" -o "/var/folders/zb/1pq6svn50c3cphdqsd4k1hgr0000gn/T/tmpjhtud2y0.build-temp/Users/cagysloth/Library/CloudStorage/OneDrive-TheUniversityofHongKong-Connect/HKU Studies/Year 5/COMP4801 - CodeSpace/vendor/whatshap_core/src/backwardcolumniterator.o" -std=c++11
      /Users/cagysloth/Library/CloudStorage/OneDrive-TheUniversityofHongKong-Connect/HKU Studies/Year 5/COMP4801 - CodeSpace/vendor/whatshap_core/src/backwardcolumniterator.cpp:121:11: warning: comparison of integers of different signs: 'int' and 'size_type' (aka 'unsigned long') [-Wsign-compare]
        121 |         assert(k < positions->size());
            |                ~ ^ ~~~~~~~~~~~~~~~~~
      /Applications/Xcode.app/Contents/Developer/Platforms/MacOSX.platform/Developer/SDKs/MacOSX.sdk/usr/include/assert.h:75:25: note: expanded from macro 'assert'
         75 |     (__builtin_expect(!(e), 0) ? __assert_rtn(__func__, __ASSERT_FILE_NAME, __LINE__, #e) : (void)0)
            |                         ^
      /Users/cagysloth/Library/CloudStorage/OneDrive-TheUniversityofHongKong-Connect/HKU Studies/Year 5/COMP4801 - CodeSpace/vendor/whatshap_core/src/backwardcolumniterator.cpp:140:25: warning: comparison of integers of different signs: 'size_t' (aka 'unsigned long') and 'int' [-Wsign-compare]
        140 |                                 assert(active_entry < read->getVariantCount());
            |                                        ~~~~~~~~~~~~ ^ ~~~~~~~~~~~~~~~~~~~~~~~
      /Applications/Xcode.app/Contents/Developer/Platforms/MacOSX.platform/Developer/SDKs/MacOSX.sdk/usr/include/assert.h:75:25: note: expanded from macro 'assert'
         75 |     (__builtin_expect(!(e), 0) ? __assert_rtn(__func__, __ASSERT_FILE_NAME, __LINE__, #e) : (void)0)
            |                         ^
      2 warnings generated.
      clang++ -fno-strict-overflow -Wsign-compare -Wunreachable-code -DNDEBUG -O2 -Wall -fPIC -O2 -isystem /Users/cagysloth/miniconda3/include -arch arm64 -fPIC -O2 -isystem /Users/cagysloth/miniconda3/include -arch arm64 -UNDEBUG "-I/Users/cagysloth/Library/CloudStorage/OneDrive-TheUniversityofHongKong-Connect/HKU Studies/Year 5/COMP4801 - CodeSpace/vendor/whatshap_core/src" "-I/Users/cagysloth/Library/CloudStorage/OneDrive-TheUniversityofHongKong-Connect/HKU Studies/Year 5/COMP4801 - CodeSpace/.venv/include" -I/Users/cagysloth/miniconda3/include/python3.13 -c "/Users/cagysloth/Library/CloudStorage/OneDrive-TheUniversityofHongKong-Connect/HKU Studies/Year 5/COMP4801 - CodeSpace/vendor/whatshap_core/src/binomial.cpp" -o "/var/folders/zb/1pq6svn50c3cphdqsd4k1hgr0000gn/T/tmpjhtud2y0.build-temp/Users/cagysloth/Library/CloudStorage/OneDrive-TheUniversityofHongKong-Connect/HKU Studies/Year 5/COMP4801 - CodeSpace/vendor/whatshap_core/src/binomial.o" -std=c++11
      clang++ -fno-strict-overflow -Wsign-compare -Wunreachable-code -DNDEBUG -O2 -Wall -fPIC -O2 -isystem /Users/cagysloth/miniconda3/include -arch arm64 -fPIC -O2 -isystem /Users/cagysloth/miniconda3/include -arch arm64 -UNDEBUG "-I/Users/cagysloth/Library/CloudStorage/OneDrive-TheUniversityofHongKong-Connect/HKU Studies/Year 5/COMP4801 - CodeSpace/vendor/whatshap_core/src" "-I/Users/cagysloth/Library/CloudStorage/OneDrive-TheUniversityofHongKong-Connect/HKU Studies/Year 5/COMP4801 - CodeSpace/.venv/include" -I/Users/cagysloth/miniconda3/include/python3.13 -c "/Users/cagysloth/Library/CloudStorage/OneDrive-TheUniversityofHongKong-Connect/HKU Studies/Year 5/COMP4801 - CodeSpace/vendor/whatshap_core/src/caller.cpp" -o "/var/folders/zb/1pq6svn50c3cphdqsd4k1hgr0000gn/T/tmpjhtud2y0.build-temp/Users/cagysloth/Library/CloudStorage/OneDrive-TheUniversityofHongKong-Connect/HKU Studies/Year 5/COMP4801 - CodeSpace/vendor/whatshap_core/src/caller.o" -std=c++11
      /Users/cagysloth/Library/CloudStorage/OneDrive-TheUniversityofHongKong-Connect/HKU Studies/Year 5/COMP4801 - CodeSpace/vendor/whatshap_core/src/caller.cpp:258:13: warning: unused variable 'BAM_CPAD' [-Wunused-variable]
        258 |         int BAM_CPAD = 6 ;     // P
            |             ^~~~~~~~
      /Users/cagysloth/Library/CloudStorage/OneDrive-TheUniversityofHongKong-Connect/HKU Studies/Year 5/COMP4801 - CodeSpace/vendor/whatshap_core/src/caller.cpp:261:13: warning: unused variable 'BAM_CBACK' [-Wunused-variable]
        261 |         int BAM_CBACK = 9 ;     // B
            |             ^~~~~~~~~
      2 warnings generated.
      clang++ -fno-strict-overflow -Wsign-compare -Wunreachable-code -DNDEBUG -O2 -Wall -fPIC -O2 -isystem /Users/cagysloth/miniconda3/include -arch arm64 -fPIC -O2 -isystem /Users/cagysloth/miniconda3/include -arch arm64 -UNDEBUG "-I/Users/cagysloth/Library/CloudStorage/OneDrive-TheUniversityofHongKong-Connect/HKU Studies/Year 5/COMP4801 - CodeSpace/vendor/whatshap_core/src" "-I/Users/cagysloth/Library/CloudStorage/OneDrive-TheUniversityofHongKong-Connect/HKU Studies/Year 5/COMP4801 - CodeSpace/.venv/include" -I/Users/cagysloth/miniconda3/include/python3.13 -c "/Users/cagysloth/Library/CloudStorage/OneDrive-TheUniversityofHongKong-Connect/HKU Studies/Year 5/COMP4801 - CodeSpace/vendor/whatshap_core/src/columnindexingiterator.cpp" -o "/var/folders/zb/1pq6svn50c3cphdqsd4k1hgr0000gn/T/tmpjhtud2y0.build-temp/Users/cagysloth/Library/CloudStorage/OneDrive-TheUniversityofHongKong-Connect/HKU Studies/Year 5/COMP4801 - CodeSpace/vendor/whatshap_core/src/columnindexingiterator.o" -std=c++11
      /Users/cagysloth/Library/CloudStorage/OneDrive-TheUniversityofHongKong-Connect/HKU Studies/Year 5/COMP4801 - CodeSpace/vendor/whatshap_core/src/columnindexingiterator.cpp:89:15: warning: unused variable 's' [-Wunused-variable]
         89 |         unsigned int s = 1;
            |                      ^
      /Users/cagysloth/Library/CloudStorage/OneDrive-TheUniversityofHongKong-Connect/HKU Studies/Year 5/COMP4801 - CodeSpace/vendor/whatshap_core/src/columnindexingiterator.cpp:90:16: warning: comparison of integers of different signs: 'int' and 'size_type' (aka 'unsigned long') [-Wsign-compare]
         90 |         for(int j=0; j< parent->read_ids.size(); ++j) {
            |                      ~^ ~~~~~~~~~~~~~~~~~~~~~~~
      /Users/cagysloth/Library/CloudStorage/OneDrive-TheUniversityofHongKong-Connect/HKU Studies/Year 5/COMP4801 - CodeSpace/vendor/whatshap_core/src/columnindexingiterator.cpp:92:8: warning: comparison of integers of different signs: 'unsigned int' and 'int' [-Wsign-compare]
         92 |                 if(m != -1) {
            |                    ~ ^  ~~
      3 warnings generated.
      clang++ -fno-strict-overflow -Wsign-compare -Wunreachable-code -DNDEBUG -O2 -Wall -fPIC -O2 -isystem /Users/cagysloth/miniconda3/include -arch arm64 -fPIC -O2 -isystem /Users/cagysloth/miniconda3/include -arch arm64 -UNDEBUG "-I/Users/cagysloth/Library/CloudStorage/OneDrive-TheUniversityofHongKong-Connect/HKU Studies/Year 5/COMP4801 - CodeSpace/vendor/whatshap_core/src" "-I/Users/cagysloth/Library/CloudStorage/OneDrive-TheUniversityofHongKong-Connect/HKU Studies/Year 5/COMP4801 - CodeSpace/.venv/include" -I/Users/cagysloth/miniconda3/include/python3.13 -c "/Users/cagysloth/Library/CloudStorage/OneDrive-TheUniversityofHongKong-Connect/HKU Studies/Year 5/COMP4801 - CodeSpace/vendor/whatshap_core/src/columnindexingscheme.cpp" -o "/var/folders/zb/1pq6svn50c3cphdqsd4k1hgr0000gn/T/tmpjhtud2y0.build-temp/Users/cagysloth/Library/CloudStorage/OneDrive-TheUniversityofHongKong-Connect/HKU Studies/Year 5/COMP4801 - CodeSpace/vendor/whatshap_core/src/columnindexingscheme.o" -std=c++11
      /Users/cagysloth/Library/CloudStorage/OneDrive-TheUniversityofHongKong-Connect/HKU Studies/Year 5/COMP4801 - CodeSpace/vendor/whatshap_core/src/columnindexingscheme.cpp:22:52: warning: comparison of integers of different signs: 'int' and 'size_type' (aka 'unsigned long') [-Wsign-compare]
         22 |                 while ((i<previous_column->read_ids.size()) && (j<read_ids.size())) {
            |                                                                 ~^~~~~~~~~~~~~~~~
      /Users/cagysloth/Library/CloudStorage/OneDrive-TheUniversityofHongKong-Connect/HKU Studies/Year 5/COMP4801 - CodeSpace/vendor/whatshap_core/src/columnindexingscheme.cpp:22:12: warning: comparison of integers of different signs: 'int' and 'size_type' (aka 'unsigned long') [-Wsign-compare]
         22 |                 while ((i<previous_column->read_ids.size()) && (j<read_ids.size())) {
            |                         ~^~~~~~~~~~~~~~~~~~~~~~~~~~~~~~~~~
      /Users/cagysloth/Library/CloudStorage/OneDrive-TheUniversityofHongKong-Connect/HKU Studies/Year 5/COMP4801 - CodeSpace/vendor/whatshap_core/src/columnindexingscheme.cpp:71:47: warning: comparison of integers of different signs: 'int' and 'size_type' (aka 'unsigned long') [-Wsign-compare]
         71 |         while ((i<next_column->read_ids.size()) && (j<read_ids.size())) {
            |                                                     ~^~~~~~~~~~~~~~~~
      /Users/cagysloth/Library/CloudStorage/OneDrive-TheUniversityofHongKong-Connect/HKU Studies/Year 5/COMP4801 - CodeSpace/vendor/whatshap_core/src/columnindexingscheme.cpp:71:11: warning: comparison of integers of different signs: 'int' and 'size_type' (aka 'unsigned long') [-Wsign-compare]
         71 |         while ((i<next_column->read_ids.size()) && (j<read_ids.size())) {
            |                 ~^~~~~~~~~~~~~~~~~~~~~~~~~~~~~
      4 warnings generated.
      clang++ -fno-strict-overflow -Wsign-compare -Wunreachable-code -DNDEBUG -O2 -Wall -fPIC -O2 -isystem /Users/cagysloth/miniconda3/include -arch arm64 -fPIC -O2 -isystem /Users/cagysloth/miniconda3/include -arch arm64 -UNDEBUG "-I/Users/cagysloth/Library/CloudStorage/OneDrive-TheUniversityofHongKong-Connect/HKU Studies/Year 5/COMP4801 - CodeSpace/vendor/whatshap_core/src" "-I/Users/cagysloth/Library/CloudStorage/OneDrive-TheUniversityofHongKong-Connect/HKU Studies/Year 5/COMP4801 - CodeSpace/.venv/include" -I/Users/cagysloth/miniconda3/include/python3.13 -c "/Users/cagysloth/Library/CloudStorage/OneDrive-TheUniversityofHongKong-Connect/HKU Studies/Year 5/COMP4801 - CodeSpace/vendor/whatshap_core/src/columniterator.cpp" -o "/var/folders/zb/1pq6svn50c3cphdqsd4k1hgr0000gn/T/tmpjhtud2y0.build-temp/Users/cagysloth/Library/CloudStorage/OneDrive-TheUniversityofHongKong-Connect/HKU Studies/Year 5/COMP4801 - CodeSpace/vendor/whatshap_core/src/columniterator.o" -std=c++11
      /Users/cagysloth/Library/CloudStorage/OneDrive-TheUniversityofHongKong-Connect/HKU Studies/Year 5/COMP4801 - CodeSpace/vendor/whatshap_core/src/columniterator.cpp:105:33: warning: comparison of integers of different signs: 'size_t' (aka 'unsigned long') and 'int' [-Wsign-compare]
        105 |                         assert(list_it->active_entry < read->getVariantCount());
            |                                ~~~~~~~~~~~~~~~~~~~~~ ^ ~~~~~~~~~~~~~~~~~~~~~~~
      /Applications/Xcode.app/Contents/Developer/Platforms/MacOSX.platform/Developer/SDKs/MacOSX.sdk/usr/include/assert.h:75:25: note: expanded from macro 'assert'
         75 |     (__builtin_expect(!(e), 0) ? __assert_rtn(__func__, __ASSERT_FILE_NAME, __LINE__, #e) : (void)0)
            |                         ^
      /Users/cagysloth/Library/CloudStorage/OneDrive-TheUniversityofHongKong-Connect/HKU Studies/Year 5/COMP4801 - CodeSpace/vendor/whatshap_core/src/columniterator.cpp:161:25: warning: comparison of integers of different signs: 'size_t' (aka 'unsigned long') and 'int' [-Wsign-compare]
        161 |                                 assert(active_entry < read->getVariantCount());
            |                                        ~~~~~~~~~~~~ ^ ~~~~~~~~~~~~~~~~~~~~~~~
      /Applications/Xcode.app/Contents/Developer/Platforms/MacOSX.platform/Developer/SDKs/MacOSX.sdk/usr/include/assert.h:75:25: note: expanded from macro 'assert'
         75 |     (__builtin_expect(!(e), 0) ? __assert_rtn(__func__, __ASSERT_FILE_NAME, __LINE__, #e) : (void)0)
            |                         ^
      2 warnings generated.
      clang++ -fno-strict-overflow -Wsign-compare -Wunreachable-code -DNDEBUG -O2 -Wall -fPIC -O2 -isystem /Users/cagysloth/miniconda3/include -arch arm64 -fPIC -O2 -isystem /Users/cagysloth/miniconda3/include -arch arm64 -UNDEBUG "-I/Users/cagysloth/Library/CloudStorage/OneDrive-TheUniversityofHongKong-Connect/HKU Studies/Year 5/COMP4801 - CodeSpace/vendor/whatshap_core/src" "-I/Users/cagysloth/Library/CloudStorage/OneDrive-TheUniversityofHongKong-Connect/HKU Studies/Year 5/COMP4801 - CodeSpace/.venv/include" -I/Users/cagysloth/miniconda3/include/python3.13 -c "/Users/cagysloth/Library/CloudStorage/OneDrive-TheUniversityofHongKong-Connect/HKU Studies/Year 5/COMP4801 - CodeSpace/vendor/whatshap_core/src/entry.cpp" -o "/var/folders/zb/1pq6svn50c3cphdqsd4k1hgr0000gn/T/tmpjhtud2y0.build-temp/Users/cagysloth/Library/CloudStorage/OneDrive-TheUniversityofHongKong-Connect/HKU Studies/Year 5/COMP4801 - CodeSpace/vendor/whatshap_core/src/entry.o" -std=c++11
      clang++ -fno-strict-overflow -Wsign-compare -Wunreachable-code -DNDEBUG -O2 -Wall -fPIC -O2 -isystem /Users/cagysloth/miniconda3/include -arch arm64 -fPIC -O2 -isystem /Users/cagysloth/miniconda3/include -arch arm64 -UNDEBUG "-I/Users/cagysloth/Library/CloudStorage/OneDrive-TheUniversityofHongKong-Connect/HKU Studies/Year 5/COMP4801 - CodeSpace/vendor/whatshap_core/src" "-I/Users/cagysloth/Library/CloudStorage/OneDrive-TheUniversityofHongKong-Connect/HKU Studies/Year 5/COMP4801 - CodeSpace/.venv/include" -I/Users/cagysloth/miniconda3/include/python3.13 -c "/Users/cagysloth/Library/CloudStorage/OneDrive-TheUniversityofHongKong-Connect/HKU Studies/Year 5/COMP4801 - CodeSpace/vendor/whatshap_core/src/genotype.cpp" -o "/var/folders/zb/1pq6svn50c3cphdqsd4k1hgr0000gn/T/tmpjhtud2y0.build-temp/Users/cagysloth/Library/CloudStorage/OneDrive-TheUniversityofHongKong-Connect/HKU Studies/Year 5/COMP4801 - CodeSpace/vendor/whatshap_core/src/genotype.o" -std=c++11
      clang++ -fno-strict-overflow -Wsign-compare -Wunreachable-code -DNDEBUG -O2 -Wall -fPIC -O2 -isystem /Users/cagysloth/miniconda3/include -arch arm64 -fPIC -O2 -isystem /Users/cagysloth/miniconda3/include -arch arm64 -UNDEBUG "-I/Users/cagysloth/Library/CloudStorage/OneDrive-TheUniversityofHongKong-Connect/HKU Studies/Year 5/COMP4801 - CodeSpace/vendor/whatshap_core/src" "-I/Users/cagysloth/Library/CloudStorage/OneDrive-TheUniversityofHongKong-Connect/HKU Studies/Year 5/COMP4801 - CodeSpace/.venv/include" -I/Users/cagysloth/miniconda3/include/python3.13 -c "/Users/cagysloth/Library/CloudStorage/OneDrive-TheUniversityofHongKong-Connect/HKU Studies/Year 5/COMP4801 - CodeSpace/vendor/whatshap_core/src/genotypecolumncostcomputer.cpp" -o "/var/folders/zb/1pq6svn50c3cphdqsd4k1hgr0000gn/T/tmpjhtud2y0.build-temp/Users/cagysloth/Library/CloudStorage/OneDrive-TheUniversityofHongKong-Connect/HKU Studies/Year 5/COMP4801 - CodeSpace/vendor/whatshap_core/src/genotypecolumncostcomputer.o" -std=c++11
      In file included from /Users/cagysloth/Library/CloudStorage/OneDrive-TheUniversityofHongKong-Connect/HKU Studies/Year 5/COMP4801 - CodeSpace/vendor/whatshap_core/src/genotypecolumncostcomputer.cpp:10:
      /Users/cagysloth/Library/CloudStorage/OneDrive-TheUniversityofHongKong-Connect/HKU Studies/Year 5/COMP4801 - CodeSpace/vendor/whatshap_core/src/genotypecolumncostcomputer.h:23:10: warning: private field 'column_index' is not used [-Wunused-private-field]
         23 |   size_t column_index;
            |          ^
      /Users/cagysloth/Library/CloudStorage/OneDrive-TheUniversityofHongKong-Connect/HKU Studies/Year 5/COMP4801 - CodeSpace/vendor/whatshap_core/src/genotypecolumncostcomputer.h:28:19: warning: private field 'pedigree' is not used [-Wunused-private-field]
         28 |   const Pedigree* pedigree;
            |                   ^
      2 warnings generated.
      clang++ -fno-strict-overflow -Wsign-compare -Wunreachable-code -DNDEBUG -O2 -Wall -fPIC -O2 -isystem /Users/cagysloth/miniconda3/include -arch arm64 -fPIC -O2 -isystem /Users/cagysloth/miniconda3/include -arch arm64 -UNDEBUG "-I/Users/cagysloth/Library/CloudStorage/OneDrive-TheUniversityofHongKong-Connect/HKU Studies/Year 5/COMP4801 - CodeSpace/vendor/whatshap_core/src" "-I/Users/cagysloth/Library/CloudStorage/OneDrive-TheUniversityofHongKong-Connect/HKU Studies/Year 5/COMP4801 - CodeSpace/.venv/include" -I/Users/cagysloth/miniconda3/include/python3.13 -c "/Users/cagysloth/Library/CloudStorage/OneDrive-TheUniversityofHongKong-Connect/HKU Studies/Year 5/COMP4801 - CodeSpace/vendor/whatshap_core/src/genotypedistribution.cpp" -o "/var/folders/zb/1pq6svn50c3cphdqsd4k1hgr0000gn/T/tmpjhtud2y0.build-temp/Users/cagysloth/Library/CloudStorage/OneDrive-TheUniversityofHongKong-Connect/HKU Studies/Year 5/COMP4801 - CodeSpace/vendor/whatshap_core/src/genotypedistribution.o" -std=c++11
      /Users/cagysloth/Library/CloudStorage/OneDrive-TheUniversityofHongKong-Connect/HKU Studies/Year 5/COMP4801 - CodeSpace/vendor/whatshap_core/src/genotypedistribution.cpp:55:9: warning: comparison of integers of different signs: 'size_t' (aka 'unsigned long') and 'int' [-Wsign-compare]
         55 |                 if (i == best_index) continue;
            |                     ~ ^  ~~~~~~~~~~
      1 warning generated.
      clang++ -fno-strict-overflow -Wsign-compare -Wunreachable-code -DNDEBUG -O2 -Wall -fPIC -O2 -isystem /Users/cagysloth/miniconda3/include -arch arm64 -fPIC -O2 -isystem /Users/cagysloth/miniconda3/include -arch arm64 -UNDEBUG "-I/Users/cagysloth/Library/CloudStorage/OneDrive-TheUniversityofHongKong-Connect/HKU Studies/Year 5/COMP4801 - CodeSpace/vendor/whatshap_core/src" "-I/Users/cagysloth/Library/CloudStorage/OneDrive-TheUniversityofHongKong-Connect/HKU Studies/Year 5/COMP4801 - CodeSpace/.venv/include" -I/Users/cagysloth/miniconda3/include/python3.13 -c "/Users/cagysloth/Library/CloudStorage/OneDrive-TheUniversityofHongKong-Connect/HKU Studies/Year 5/COMP4801 - CodeSpace/vendor/whatshap_core/src/genotypedptable.cpp" -o "/var/folders/zb/1pq6svn50c3cphdqsd4k1hgr0000gn/T/tmpjhtud2y0.build-temp/Users/cagysloth/Library/CloudStorage/OneDrive-TheUniversityofHongKong-Connect/HKU Studies/Year 5/COMP4801 - CodeSpace/vendor/whatshap_core/src/genotypedptable.o" -std=c++11
      In file included from /Users/cagysloth/Library/CloudStorage/OneDrive-TheUniversityofHongKong-Connect/HKU Studies/Year 5/COMP4801 - CodeSpace/vendor/whatshap_core/src/genotypedptable.cpp:11:
      /Users/cagysloth/Library/CloudStorage/OneDrive-TheUniversityofHongKong-Connect/HKU Studies/Year 5/COMP4801 - CodeSpace/vendor/whatshap_core/src/genotypedptable.h:38:88: warning: 'bind2nd<std::divides<long double>, long double>' is deprecated [-Wdeprecated-declarations]
         38 |       std::transform(likelihoods.begin(), likelihoods.end(), likelihoods.begin(), std::bind2nd(std::divides<long double>(), val));
            |                                                                                        ^
      /Applications/Xcode.app/Contents/Developer/Platforms/MacOSX.platform/Developer/SDKs/MacOSX.sdk/usr/include/c++/v1/__functional/binder2nd.h:45:1: note: 'bind2nd<std::divides<long double>, long double>' has been explicitly marked deprecated here
         45 | _LIBCPP_DEPRECATED_IN_CXX11 inline _LIBCPP_HIDE_FROM_ABI binder2nd<_Operation>
            | ^
      /Applications/Xcode.app/Contents/Developer/Platforms/MacOSX.platform/Developer/SDKs/MacOSX.sdk/usr/include/c++/v1/__config:1010:41: note: expanded from macro '_LIBCPP_DEPRECATED_IN_CXX11'
       1010 | #    define _LIBCPP_DEPRECATED_IN_CXX11 _LIBCPP_DEPRECATED
            |                                         ^
      /Applications/Xcode.app/Contents/Developer/Platforms/MacOSX.platform/Developer/SDKs/MacOSX.sdk/usr/include/c++/v1/__config:995:49: note: expanded from macro '_LIBCPP_DEPRECATED'
        995 | #      define _LIBCPP_DEPRECATED __attribute__((__deprecated__))
            |                                                 ^
      /Users/cagysloth/Library/CloudStorage/OneDrive-TheUniversityofHongKong-Connect/HKU Studies/Year 5/COMP4801 - CodeSpace/vendor/whatshap_core/src/genotypedptable.cpp:61:12: warning: unused variable 'column_count' [-Wunused-variable]
         61 |     size_t column_count = input_column_iterator.get_column_count();
            |            ^~~~~~~~~~~~
      /Users/cagysloth/Library/CloudStorage/OneDrive-TheUniversityofHongKong-Connect/HKU Studies/Year 5/COMP4801 - CodeSpace/vendor/whatshap_core/src/genotypedptable.cpp:91:18: warning: unused variable 'transmission_configurations' [-Wunused-variable]
         91 |     unsigned int transmission_configurations = pow(4, pedigree->triple_count());
            |                  ^~~~~~~~~~~~~~~~~~~~~~~~~~~
      /Users/cagysloth/Library/CloudStorage/OneDrive-TheUniversityofHongKong-Connect/HKU Studies/Year 5/COMP4801 - CodeSpace/vendor/whatshap_core/src/genotypedptable.cpp:152:36: warning: comparison of integers of different signs: 'int' and 'unsigned int' [-Wsign-compare]
        152 |         if ((k>1) && (column_index < column_count-1) && (((column_index+1)%k) != 0)) {
            |                       ~~~~~~~~~~~~ ^ ~~~~~~~~~~~~~~
      /Users/cagysloth/Library/CloudStorage/OneDrive-TheUniversityofHongKong-Connect/HKU Studies/Year 5/COMP4801 - CodeSpace/vendor/whatshap_core/src/genotypedptable.cpp:178:12: warning: unused variable 'k' [-Wunused-variable]
        178 |     size_t k = (size_t)sqrt(input_column_iterator.get_column_count());
            |            ^
      In file included from /Users/cagysloth/Library/CloudStorage/OneDrive-TheUniversityofHongKong-Connect/HKU Studies/Year 5/COMP4801 - CodeSpace/vendor/whatshap_core/src/genotypedptable.cpp:11:
      In file included from /Users/cagysloth/Library/CloudStorage/OneDrive-TheUniversityofHongKong-Connect/HKU Studies/Year 5/COMP4801 - CodeSpace/vendor/whatshap_core/src/genotypedptable.h:15:
      /Users/cagysloth/Library/CloudStorage/OneDrive-TheUniversityofHongKong-Connect/HKU Studies/Year 5/COMP4801 - CodeSpace/vendor/whatshap_core/src/vector2d.h:40:21: warning: 'bind2nd<std::divides<long double>, long double>' is deprecated [-Wdeprecated-declarations]
         40 |                std::bind2nd(std::divides<T>(),val));
            |                     ^
      /Users/cagysloth/Library/CloudStorage/OneDrive-TheUniversityofHongKong-Connect/HKU Studies/Year 5/COMP4801 - CodeSpace/vendor/whatshap_core/src/genotypedptable.cpp:290:36: note: in instantiation of member function 'Vector2D<long double>::divide_entries_by' requested here
        290 |        previous_projection_column->divide_entries_by(scaling_sum);
            |                                    ^
      /Applications/Xcode.app/Contents/Developer/Platforms/MacOSX.platform/Developer/SDKs/MacOSX.sdk/usr/include/c++/v1/__functional/binder2nd.h:45:1: note: 'bind2nd<std::divides<long double>, long double>' has been explicitly marked deprecated here
         45 | _LIBCPP_DEPRECATED_IN_CXX11 inline _LIBCPP_HIDE_FROM_ABI binder2nd<_Operation>
            | ^
      /Applications/Xcode.app/Contents/Developer/Platforms/MacOSX.platform/Developer/SDKs/MacOSX.sdk/usr/include/c++/v1/__config:1010:41: note: expanded from macro '_LIBCPP_DEPRECATED_IN_CXX11'
       1010 | #    define _LIBCPP_DEPRECATED_IN_CXX11 _LIBCPP_DEPRECATED
            |                                         ^
      /Applications/Xcode.app/Contents/Developer/Platforms/MacOSX.platform/Developer/SDKs/MacOSX.sdk/usr/include/c++/v1/__config:995:49: note: expanded from macro '_LIBCPP_DEPRECATED'
        995 | #      define _LIBCPP_DEPRECATED __attribute__((__deprecated__))
            |                                                 ^
      6 warnings generated.
      clang++ -fno-strict-overflow -Wsign-compare -Wunreachable-code -DNDEBUG -O2 -Wall -fPIC -O2 -isystem /Users/cagysloth/miniconda3/include -arch arm64 -fPIC -O2 -isystem /Users/cagysloth/miniconda3/include -arch arm64 -UNDEBUG "-I/Users/cagysloth/Library/CloudStorage/OneDrive-TheUniversityofHongKong-Connect/HKU Studies/Year 5/COMP4801 - CodeSpace/vendor/whatshap_core/src" "-I/Users/cagysloth/Library/CloudStorage/OneDrive-TheUniversityofHongKong-Connect/HKU Studies/Year 5/COMP4801 - CodeSpace/.venv/include" -I/Users/cagysloth/miniconda3/include/python3.13 -c "/Users/cagysloth/Library/CloudStorage/OneDrive-TheUniversityofHongKong-Connect/HKU Studies/Year 5/COMP4801 - CodeSpace/vendor/whatshap_core/src/genotyper.cpp" -o "/var/folders/zb/1pq6svn50c3cphdqsd4k1hgr0000gn/T/tmpjhtud2y0.build-temp/Users/cagysloth/Library/CloudStorage/OneDrive-TheUniversityofHongKong-Connect/HKU Studies/Year 5/COMP4801 - CodeSpace/vendor/whatshap_core/src/genotyper.o" -std=c++11
      /Users/cagysloth/Library/CloudStorage/OneDrive-TheUniversityofHongKong-Connect/HKU Studies/Year 5/COMP4801 - CodeSpace/vendor/whatshap_core/src/genotyper.cpp:23:9: warning: variable 'column_index' set but not used [-Wunused-but-set-variable]
         23 |         size_t column_index = 0;
            |                ^
      1 warning generated.
      clang++ -fno-strict-overflow -Wsign-compare -Wunreachable-code -DNDEBUG -O2 -Wall -fPIC -O2 -isystem /Users/cagysloth/miniconda3/include -arch arm64 -fPIC -O2 -isystem /Users/cagysloth/miniconda3/include -arch arm64 -UNDEBUG "-I/Users/cagysloth/Library/CloudStorage/OneDrive-TheUniversityofHongKong-Connect/HKU Studies/Year 5/COMP4801 - CodeSpace/vendor/whatshap_core/src" "-I/Users/cagysloth/Library/CloudStorage/OneDrive-TheUniversityofHongKong-Connect/HKU Studies/Year 5/COMP4801 - CodeSpace/.venv/include" -I/Users/cagysloth/miniconda3/include/python3.13 -c "/Users/cagysloth/Library/CloudStorage/OneDrive-TheUniversityofHongKong-Connect/HKU Studies/Year 5/COMP4801 - CodeSpace/vendor/whatshap_core/src/graycodes.cpp" -o "/var/folders/zb/1pq6svn50c3cphdqsd4k1hgr0000gn/T/tmpjhtud2y0.build-temp/Users/cagysloth/Library/CloudStorage/OneDrive-TheUniversityofHongKong-Connect/HKU Studies/Year 5/COMP4801 - CodeSpace/vendor/whatshap_core/src/graycodes.o" -std=c++11
      clang++ -fno-strict-overflow -Wsign-compare -Wunreachable-code -DNDEBUG -O2 -Wall -fPIC -O2 -isystem /Users/cagysloth/miniconda3/include -arch arm64 -fPIC -O2 -isystem /Users/cagysloth/miniconda3/include -arch arm64 -UNDEBUG "-I/Users/cagysloth/Library/CloudStorage/OneDrive-TheUniversityofHongKong-Connect/HKU Studies/Year 5/COMP4801 - CodeSpace/vendor/whatshap_core/src" "-I/Users/cagysloth/Library/CloudStorage/OneDrive-TheUniversityofHongKong-Connect/HKU Studies/Year 5/COMP4801 - CodeSpace/.venv/include" -I/Users/cagysloth/miniconda3/include/python3.13 -c "/Users/cagysloth/Library/CloudStorage/OneDrive-TheUniversityofHongKong-Connect/HKU Studies/Year 5/COMP4801 - CodeSpace/vendor/whatshap_core/src/hapchat/balancedcombinations.cpp" -o "/var/folders/zb/1pq6svn50c3cphdqsd4k1hgr0000gn/T/tmpjhtud2y0.build-temp/Users/cagysloth/Library/CloudStorage/OneDrive-TheUniversityofHongKong-Connect/HKU Studies/Year 5/COMP4801 - CodeSpace/vendor/whatshap_core/src/hapchat/balancedcombinations.o" -std=c++11
      clang++ -fno-strict-overflow -Wsign-compare -Wunreachable-code -DNDEBUG -O2 -Wall -fPIC -O2 -isystem /Users/cagysloth/miniconda3/include -arch arm64 -fPIC -O2 -isystem /Users/cagysloth/miniconda3/include -arch arm64 -UNDEBUG "-I/Users/cagysloth/Library/CloudStorage/OneDrive-TheUniversityofHongKong-Connect/HKU Studies/Year 5/COMP4801 - CodeSpace/vendor/whatshap_core/src" "-I/Users/cagysloth/Library/CloudStorage/OneDrive-TheUniversityofHongKong-Connect/HKU Studies/Year 5/COMP4801 - CodeSpace/.venv/include" -I/Users/cagysloth/miniconda3/include/python3.13 -c "/Users/cagysloth/Library/CloudStorage/OneDrive-TheUniversityofHongKong-Connect/HKU Studies/Year 5/COMP4801 - CodeSpace/vendor/whatshap_core/src/hapchat/basictypes.cpp" -o "/var/folders/zb/1pq6svn50c3cphdqsd4k1hgr0000gn/T/tmpjhtud2y0.build-temp/Users/cagysloth/Library/CloudStorage/OneDrive-TheUniversityofHongKong-Connect/HKU Studies/Year 5/COMP4801 - CodeSpace/vendor/whatshap_core/src/hapchat/basictypes.o" -std=c++11
      clang++ -fno-strict-overflow -Wsign-compare -Wunreachable-code -DNDEBUG -O2 -Wall -fPIC -O2 -isystem /Users/cagysloth/miniconda3/include -arch arm64 -fPIC -O2 -isystem /Users/cagysloth/miniconda3/include -arch arm64 -UNDEBUG "-I/Users/cagysloth/Library/CloudStorage/OneDrive-TheUniversityofHongKong-Connect/HKU Studies/Year 5/COMP4801 - CodeSpace/vendor/whatshap_core/src" "-I/Users/cagysloth/Library/CloudStorage/OneDrive-TheUniversityofHongKong-Connect/HKU Studies/Year 5/COMP4801 - CodeSpace/.venv/include" -I/Users/cagysloth/miniconda3/include/python3.13 -c "/Users/cagysloth/Library/CloudStorage/OneDrive-TheUniversityofHongKong-Connect/HKU Studies/Year 5/COMP4801 - CodeSpace/vendor/whatshap_core/src/hapchat/binomialcoefficient.cpp" -o "/var/folders/zb/1pq6svn50c3cphdqsd4k1hgr0000gn/T/tmpjhtud2y0.build-temp/Users/cagysloth/Library/CloudStorage/OneDrive-TheUniversityofHongKong-Connect/HKU Studies/Year 5/COMP4801 - CodeSpace/vendor/whatshap_core/src/hapchat/binomialcoefficient.o" -std=c++11
      clang++ -fno-strict-overflow -Wsign-compare -Wunreachable-code -DNDEBUG -O2 -Wall -fPIC -O2 -isystem /Users/cagysloth/miniconda3/include -arch arm64 -fPIC -O2 -isystem /Users/cagysloth/miniconda3/include -arch arm64 -UNDEBUG "-I/Users/cagysloth/Library/CloudStorage/OneDrive-TheUniversityofHongKong-Connect/HKU Studies/Year 5/COMP4801 - CodeSpace/vendor/whatshap_core/src" "-I/Users/cagysloth/Library/CloudStorage/OneDrive-TheUniversityofHongKong-Connect/HKU Studies/Year 5/COMP4801 - CodeSpace/.venv/include" -I/Users/cagysloth/miniconda3/include/python3.13 -c "/Users/cagysloth/Library/CloudStorage/OneDrive-TheUniversityofHongKong-Connect/HKU Studies/Year 5/COMP4801 - CodeSpace/vendor/whatshap_core/src/hapchat/hapchatcolumniterator.cpp" -o "/var/folders/zb/1pq6svn50c3cphdqsd4k1hgr0000gn/T/tmpjhtud2y0.build-temp/Users/cagysloth/Library/CloudStorage/OneDrive-TheUniversityofHongKong-Connect/HKU Studies/Year 5/COMP4801 - CodeSpace/vendor/whatshap_core/src/hapchat/hapchatcolumniterator.o" -std=c++11
      clang++ -fno-strict-overflow -Wsign-compare -Wunreachable-code -DNDEBUG -O2 -Wall -fPIC -O2 -isystem /Users/cagysloth/miniconda3/include -arch arm64 -fPIC -O2 -isystem /Users/cagysloth/miniconda3/include -arch arm64 -UNDEBUG "-I/Users/cagysloth/Library/CloudStorage/OneDrive-TheUniversityofHongKong-Connect/HKU Studies/Year 5/COMP4801 - CodeSpace/vendor/whatshap_core/src" "-I/Users/cagysloth/Library/CloudStorage/OneDrive-TheUniversityofHongKong-Connect/HKU Studies/Year 5/COMP4801 - CodeSpace/.venv/include" -I/Users/cagysloth/miniconda3/include/python3.13 -c "/Users/cagysloth/Library/CloudStorage/OneDrive-TheUniversityofHongKong-Connect/HKU Studies/Year 5/COMP4801 - CodeSpace/vendor/whatshap_core/src/hapchat/hapchatcore.cpp" -o "/var/folders/zb/1pq6svn50c3cphdqsd4k1hgr0000gn/T/tmpjhtud2y0.build-temp/Users/cagysloth/Library/CloudStorage/OneDrive-TheUniversityofHongKong-Connect/HKU Studies/Year 5/COMP4801 - CodeSpace/vendor/whatshap_core/src/hapchat/hapchatcore.o" -std=c++11
      /Users/cagysloth/Library/CloudStorage/OneDrive-TheUniversityofHongKong-Connect/HKU Studies/Year 5/COMP4801 - CodeSpace/vendor/whatshap_core/src/hapchat/hapchatcore.cpp:145:11: warning: variable 'counter_columns' set but not used [-Wunused-but-set-variable]
        145 |   Counter counter_columns;
            |           ^
      /Users/cagysloth/Library/CloudStorage/OneDrive-TheUniversityofHongKong-Connect/HKU Studies/Year 5/COMP4801 - CodeSpace/vendor/whatshap_core/src/hapchat/hapchatcore.cpp:208:74: warning: comparison of integers of different signs: 'unsigned int' and 'int' [-Wsign-compare]
        208 |   return (!re_run && (hap.is_ended() && (input[pointer][0].get_read_id() == -1)));
            |                                          ~~~~~~~~~~~~~~~~~~~~~~~~~~~~~~~ ^  ~~
      /Users/cagysloth/Library/CloudStorage/OneDrive-TheUniversityofHongKong-Connect/HKU Studies/Year 5/COMP4801 - CodeSpace/vendor/whatshap_core/src/hapchat/hapchatcore.cpp:939:8: warning: unused variable 'old_k' [-Wunused-variable]
        939 |           int old_k = k_j[input_pointer];
            |               ^~~~~
      /Users/cagysloth/Library/CloudStorage/OneDrive-TheUniversityofHongKong-Connect/HKU Studies/Year 5/COMP4801 - CodeSpace/vendor/whatshap_core/src/hapchat/hapchatcore.cpp:482:13: warning: unused variable 'comb_gaps' [-Wunused-variable]
        482 |   BitColumn comb_gaps;
            |             ^~~~~~~~~
      /Users/cagysloth/Library/CloudStorage/OneDrive-TheUniversityofHongKong-Connect/HKU Studies/Year 5/COMP4801 - CodeSpace/vendor/whatshap_core/src/hapchat/hapchatcore.cpp:1041:11: warning: use of bitwise '&' with boolean operands [-Wbitwise-instead-of-logical]
       1041 |   } while((input_iterator != input.end()) & hap.has_next());
            |           ^~~~~~~~~~~~~~~~~~~~~~~~~~~~~~~~~~~~~~~~~~~~~~~~
            |                                           &&
      /Users/cagysloth/Library/CloudStorage/OneDrive-TheUniversityofHongKong-Connect/HKU Studies/Year 5/COMP4801 - CodeSpace/vendor/whatshap_core/src/hapchat/hapchatcore.cpp:1041:11: note: cast one or both operands to int to silence this warning
      /Users/cagysloth/Library/CloudStorage/OneDrive-TheUniversityofHongKong-Connect/HKU Studies/Year 5/COMP4801 - CodeSpace/vendor/whatshap_core/src/hapchat/hapchatcore.cpp:1115:33: warning: comparison of integers of different signs: 'unsigned int' and 'int' [-Wsign-compare]
       1115 |          (colQ[i].get_read_id() != -1)) {
            |           ~~~~~~~~~~~~~~~~~~~~~ ^  ~~
      /Users/cagysloth/Library/CloudStorage/OneDrive-TheUniversityofHongKong-Connect/HKU Studies/Year 5/COMP4801 - CodeSpace/vendor/whatshap_core/src/hapchat/hapchatcore.cpp:1114:33: warning: comparison of integers of different signs: 'unsigned int' and 'int' [-Wsign-compare]
       1114 |          (colJ[j].get_read_id() != -1) &&
            |           ~~~~~~~~~~~~~~~~~~~~~ ^  ~~
      /Users/cagysloth/Library/CloudStorage/OneDrive-TheUniversityofHongKong-Connect/HKU Studies/Year 5/COMP4801 - CodeSpace/vendor/whatshap_core/src/hapchat/hapchatcore.cpp:1159:58: warning: comparison of integers of different signs: 'unsigned int' and 'int' [-Wsign-compare]
       1159 |   while(cov < column.size() && column[cov].get_read_id() != -1) {
            |                                ~~~~~~~~~~~~~~~~~~~~~~~~~ ^  ~~
      /Users/cagysloth/Library/CloudStorage/OneDrive-TheUniversityofHongKong-Connect/HKU Studies/Year 5/COMP4801 - CodeSpace/vendor/whatshap_core/src/hapchat/hapchatcore.cpp:1295:33: warning: comparison of integers of different signs: 'unsigned int' and 'int' [-Wsign-compare]
       1295 |          (colQ[i].get_read_id() != -1)) {
            |           ~~~~~~~~~~~~~~~~~~~~~ ^  ~~
      /Users/cagysloth/Library/CloudStorage/OneDrive-TheUniversityofHongKong-Connect/HKU Studies/Year 5/COMP4801 - CodeSpace/vendor/whatshap_core/src/hapchat/hapchatcore.cpp:1294:33: warning: comparison of integers of different signs: 'unsigned int' and 'int' [-Wsign-compare]
       1294 |          (colJ[j].get_read_id() != -1) &&
            |           ~~~~~~~~~~~~~~~~~~~~~ ^  ~~
      /Users/cagysloth/Library/CloudStorage/OneDrive-TheUniversityofHongKong-Connect/HKU Studies/Year 5/COMP4801 - CodeSpace/vendor/whatshap_core/src/hapchat/hapchatcore.cpp:1350:67: warning: comparison of integers of different signs: 'unsigned int' and 'int' [-Wsign-compare]
       1350 |   if(i < input[pointer].size() && input[pointer][i].get_read_id() != -1)
            |                                   ~~~~~~~~~~~~~~~~~~~~~~~~~~~~~~~ ^  ~~
      11 warnings generated.
      clang++ -fno-strict-overflow -Wsign-compare -Wunreachable-code -DNDEBUG -O2 -Wall -fPIC -O2 -isystem /Users/cagysloth/miniconda3/include -arch arm64 -fPIC -O2 -isystem /Users/cagysloth/miniconda3/include -arch arm64 -UNDEBUG "-I/Users/cagysloth/Library/CloudStorage/OneDrive-TheUniversityofHongKong-Connect/HKU Studies/Year 5/COMP4801 - CodeSpace/vendor/whatshap_core/src" "-I/Users/cagysloth/Library/CloudStorage/OneDrive-TheUniversityofHongKong-Connect/HKU Studies/Year 5/COMP4801 - CodeSpace/.venv/include" -I/Users/cagysloth/miniconda3/include/python3.13 -c "/Users/cagysloth/Library/CloudStorage/OneDrive-TheUniversityofHongKong-Connect/HKU Studies/Year 5/COMP4801 - CodeSpace/vendor/whatshap_core/src/indexset.cpp" -o "/var/folders/zb/1pq6svn50c3cphdqsd4k1hgr0000gn/T/tmpjhtud2y0.build-temp/Users/cagysloth/Library/CloudStorage/OneDrive-TheUniversityofHongKong-Connect/HKU Studies/Year 5/COMP4801 - CodeSpace/vendor/whatshap_core/src/indexset.o" -std=c++11
      clang++ -fno-strict-overflow -Wsign-compare -Wunreachable-code -DNDEBUG -O2 -Wall -fPIC -O2 -isystem /Users/cagysloth/miniconda3/include -arch arm64 -fPIC -O2 -isystem /Users/cagysloth/miniconda3/include -arch arm64 -UNDEBUG "-I/Users/cagysloth/Library/CloudStorage/OneDrive-TheUniversityofHongKong-Connect/HKU Studies/Year 5/COMP4801 - CodeSpace/vendor/whatshap_core/src" "-I/Users/cagysloth/Library/CloudStorage/OneDrive-TheUniversityofHongKong-Connect/HKU Studies/Year 5/COMP4801 - CodeSpace/.venv/include" -I/Users/cagysloth/miniconda3/include/python3.13 -c "/Users/cagysloth/Library/CloudStorage/OneDrive-TheUniversityofHongKong-Connect/HKU Studies/Year 5/COMP4801 - CodeSpace/vendor/whatshap_core/src/multinomial.cpp" -o "/var/folders/zb/1pq6svn50c3cphdqsd4k1hgr0000gn/T/tmpjhtud2y0.build-temp/Users/cagysloth/Library/CloudStorage/OneDrive-TheUniversityofHongKong-Connect/HKU Studies/Year 5/COMP4801 - CodeSpace/vendor/whatshap_core/src/multinomial.o" -std=c++11
      clang++ -fno-strict-overflow -Wsign-compare -Wunreachable-code -DNDEBUG -O2 -Wall -fPIC -O2 -isystem /Users/cagysloth/miniconda3/include -arch arm64 -fPIC -O2 -isystem /Users/cagysloth/miniconda3/include -arch arm64 -UNDEBUG "-I/Users/cagysloth/Library/CloudStorage/OneDrive-TheUniversityofHongKong-Connect/HKU Studies/Year 5/COMP4801 - CodeSpace/vendor/whatshap_core/src" "-I/Users/cagysloth/Library/CloudStorage/OneDrive-TheUniversityofHongKong-Connect/HKU Studies/Year 5/COMP4801 - CodeSpace/.venv/include" -I/Users/cagysloth/miniconda3/include/python3.13 -c "/Users/cagysloth/Library/CloudStorage/OneDrive-TheUniversityofHongKong-Connect/HKU Studies/Year 5/COMP4801 - CodeSpace/vendor/whatshap_core/src/pedigree.cpp" -o "/var/folders/zb/1pq6svn50c3cphdqsd4k1hgr0000gn/T/tmpjhtud2y0.build-temp/Users/cagysloth/Library/CloudStorage/OneDrive-TheUniversityofHongKong-Connect/HKU Studies/Year 5/COMP4801 - CodeSpace/vendor/whatshap_core/src/pedigree.o" -std=c++11
      /Users/cagysloth/Library/CloudStorage/OneDrive-TheUniversityofHongKong-Connect/HKU Studies/Year 5/COMP4801 - CodeSpace/vendor/whatshap_core/src/pedigree.cpp:32:26: warning: comparison of integers of different signs: 'size_type' (aka 'unsigned long') and 'int' [-Wsign-compare]
         32 |         assert(genotypes.size() == variant_count);
            |                ~~~~~~~~~~~~~~~~ ^  ~~~~~~~~~~~~~
      /Applications/Xcode.app/Contents/Developer/Platforms/MacOSX.platform/Developer/SDKs/MacOSX.sdk/usr/include/assert.h:75:25: note: expanded from macro 'assert'
         75 |     (__builtin_expect(!(e), 0) ? __assert_rtn(__func__, __ASSERT_FILE_NAME, __LINE__, #e) : (void)0)
            |                         ^
      /Users/cagysloth/Library/CloudStorage/OneDrive-TheUniversityofHongKong-Connect/HKU Studies/Year 5/COMP4801 - CodeSpace/vendor/whatshap_core/src/pedigree.cpp:33:37: warning: comparison of integers of different signs: 'size_type' (aka 'unsigned long') and 'int' [-Wsign-compare]
         33 |         assert(genotype_likelihoods.size() == variant_count);
            |                ~~~~~~~~~~~~~~~~~~~~~~~~~~~ ^  ~~~~~~~~~~~~~
      /Applications/Xcode.app/Contents/Developer/Platforms/MacOSX.platform/Developer/SDKs/MacOSX.sdk/usr/include/assert.h:75:25: note: expanded from macro 'assert'
         75 |     (__builtin_expect(!(e), 0) ? __assert_rtn(__func__, __ASSERT_FILE_NAME, __LINE__, #e) : (void)0)
            |                         ^
      /Users/cagysloth/Library/CloudStorage/OneDrive-TheUniversityofHongKong-Connect/HKU Studies/Year 5/COMP4801 - CodeSpace/vendor/whatshap_core/src/pedigree.cpp:70:23: warning: comparison of integers of different signs: 'unsigned int' and 'const int' [-Wsign-compare]
         70 |         assert(variant_index < variant_count);
            |                ~~~~~~~~~~~~~ ^ ~~~~~~~~~~~~~
      /Applications/Xcode.app/Contents/Developer/Platforms/MacOSX.platform/Developer/SDKs/MacOSX.sdk/usr/include/assert.h:75:25: note: expanded from macro 'assert'
         75 |     (__builtin_expect(!(e), 0) ? __assert_rtn(__func__, __ASSERT_FILE_NAME, __LINE__, #e) : (void)0)
            |                         ^
      /Users/cagysloth/Library/CloudStorage/OneDrive-TheUniversityofHongKong-Connect/HKU Studies/Year 5/COMP4801 - CodeSpace/vendor/whatshap_core/src/pedigree.cpp:81:23: warning: comparison of integers of different signs: 'unsigned int' and 'const int' [-Wsign-compare]
         81 |         assert(variant_index < variant_count);
            |                ~~~~~~~~~~~~~ ^ ~~~~~~~~~~~~~
      /Applications/Xcode.app/Contents/Developer/Platforms/MacOSX.platform/Developer/SDKs/MacOSX.sdk/usr/include/assert.h:75:25: note: expanded from macro 'assert'
         75 |     (__builtin_expect(!(e), 0) ? __assert_rtn(__func__, __ASSERT_FILE_NAME, __LINE__, #e) : (void)0)
            |                         ^
      /Users/cagysloth/Library/CloudStorage/OneDrive-TheUniversityofHongKong-Connect/HKU Studies/Year 5/COMP4801 - CodeSpace/vendor/whatshap_core/src/pedigree.cpp:112:21: warning: comparison of integers of different signs: 'size_t' (aka 'unsigned long') and 'const int' [-Wsign-compare]
        112 |                 for (size_t j=0; j<variant_count; ++j) {
            |                                  ~^~~~~~~~~~~~~~
      5 warnings generated.
      clang++ -fno-strict-overflow -Wsign-compare -Wunreachable-code -DNDEBUG -O2 -Wall -fPIC -O2 -isystem /Users/cagysloth/miniconda3/include -arch arm64 -fPIC -O2 -isystem /Users/cagysloth/miniconda3/include -arch arm64 -UNDEBUG "-I/Users/cagysloth/Library/CloudStorage/OneDrive-TheUniversityofHongKong-Connect/HKU Studies/Year 5/COMP4801 - CodeSpace/vendor/whatshap_core/src" "-I/Users/cagysloth/Library/CloudStorage/OneDrive-TheUniversityofHongKong-Connect/HKU Studies/Year 5/COMP4801 - CodeSpace/.venv/include" -I/Users/cagysloth/miniconda3/include/python3.13 -c "/Users/cagysloth/Library/CloudStorage/OneDrive-TheUniversityofHongKong-Connect/HKU Studies/Year 5/COMP4801 - CodeSpace/vendor/whatshap_core/src/pedigreecolumncostcomputer.cpp" -o "/var/folders/zb/1pq6svn50c3cphdqsd4k1hgr0000gn/T/tmpjhtud2y0.build-temp/Users/cagysloth/Library/CloudStorage/OneDrive-TheUniversityofHongKong-Connect/HKU Studies/Year 5/COMP4801 - CodeSpace/vendor/whatshap_core/src/pedigreecolumncostcomputer.o" -std=c++11
      /Users/cagysloth/Library/CloudStorage/OneDrive-TheUniversityofHongKong-Connect/HKU Studies/Year 5/COMP4801 - CodeSpace/vendor/whatshap_core/src/pedigreecolumncostcomputer.cpp:56:15: warning: explicitly assigning value of variable of type 'unsigned int' to itself; did you mean to assign to member 'partitioning'? [-Wself-assign]
         56 |         partitioning = partitioning;
            |         ~~~~~~~~~~~~ ^ ~~~~~~~~~~~~
            |         this->
      /Users/cagysloth/Library/CloudStorage/OneDrive-TheUniversityofHongKong-Connect/HKU Studies/Year 5/COMP4801 - CodeSpace/vendor/whatshap_core/src/pedigreecolumncostcomputer.cpp:119:15: warning: unused variable 'second_best_cost' [-Wunused-variable]
        119 |         unsigned int second_best_cost = numeric_limits < unsigned int >::max();
            |                      ^~~~~~~~~~~~~~~~
      2 warnings generated.
      clang++ -fno-strict-overflow -Wsign-compare -Wunreachable-code -DNDEBUG -O2 -Wall -fPIC -O2 -isystem /Users/cagysloth/miniconda3/include -arch arm64 -fPIC -O2 -isystem /Users/cagysloth/miniconda3/include -arch arm64 -UNDEBUG "-I/Users/cagysloth/Library/CloudStorage/OneDrive-TheUniversityofHongKong-Connect/HKU Studies/Year 5/COMP4801 - CodeSpace/vendor/whatshap_core/src" "-I/Users/cagysloth/Library/CloudStorage/OneDrive-TheUniversityofHongKong-Connect/HKU Studies/Year 5/COMP4801 - CodeSpace/.venv/include" -I/Users/cagysloth/miniconda3/include/python3.13 -c "/Users/cagysloth/Library/CloudStorage/OneDrive-TheUniversityofHongKong-Connect/HKU Studies/Year 5/COMP4801 - CodeSpace/vendor/whatshap_core/src/pedigreedptable.cpp" -o "/var/folders/zb/1pq6svn50c3cphdqsd4k1hgr0000gn/T/tmpjhtud2y0.build-temp/Users/cagysloth/Library/CloudStorage/OneDrive-TheUniversityofHongKong-Connect/HKU Studies/Year 5/COMP4801 - CodeSpace/vendor/whatshap_core/src/pedigreedptable.o" -std=c++11
      clang++ -fno-strict-overflow -Wsign-compare -Wunreachable-code -DNDEBUG -O2 -Wall -fPIC -O2 -isystem /Users/cagysloth/miniconda3/include -arch arm64 -fPIC -O2 -isystem /Users/cagysloth/miniconda3/include -arch arm64 -UNDEBUG "-I/Users/cagysloth/Library/CloudStorage/OneDrive-TheUniversityofHongKong-Connect/HKU Studies/Year 5/COMP4801 - CodeSpace/vendor/whatshap_core/src" "-I/Users/cagysloth/Library/CloudStorage/OneDrive-TheUniversityofHongKong-Connect/HKU Studies/Year 5/COMP4801 - CodeSpace/.venv/include" -I/Users/cagysloth/miniconda3/include/python3.13 -c "/Users/cagysloth/Library/CloudStorage/OneDrive-TheUniversityofHongKong-Connect/HKU Studies/Year 5/COMP4801 - CodeSpace/vendor/whatshap_core/src/pedigreepartitions.cpp" -o "/var/folders/zb/1pq6svn50c3cphdqsd4k1hgr0000gn/T/tmpjhtud2y0.build-temp/Users/cagysloth/Library/CloudStorage/OneDrive-TheUniversityofHongKong-Connect/HKU Studies/Year 5/COMP4801 - CodeSpace/vendor/whatshap_core/src/pedigreepartitions.o" -std=c++11
      clang++ -fno-strict-overflow -Wsign-compare -Wunreachable-code -DNDEBUG -O2 -Wall -fPIC -O2 -isystem /Users/cagysloth/miniconda3/include -arch arm64 -fPIC -O2 -isystem /Users/cagysloth/miniconda3/include -arch arm64 -UNDEBUG "-I/Users/cagysloth/Library/CloudStorage/OneDrive-TheUniversityofHongKong-Connect/HKU Studies/Year 5/COMP4801 - CodeSpace/vendor/whatshap_core/src" "-I/Users/cagysloth/Library/CloudStorage/OneDrive-TheUniversityofHongKong-Connect/HKU Studies/Year 5/COMP4801 - CodeSpace/.venv/include" -I/Users/cagysloth/miniconda3/include/python3.13 -c "/Users/cagysloth/Library/CloudStorage/OneDrive-TheUniversityofHongKong-Connect/HKU Studies/Year 5/COMP4801 - CodeSpace/vendor/whatshap_core/src/pedmecheuristic.cpp" -o "/var/folders/zb/1pq6svn50c3cphdqsd4k1hgr0000gn/T/tmpjhtud2y0.build-temp/Users/cagysloth/Library/CloudStorage/OneDrive-TheUniversityofHongKong-Connect/HKU Studies/Year 5/COMP4801 - CodeSpace/vendor/whatshap_core/src/pedmecheuristic.o" -std=c++11
      /Users/cagysloth/Library/CloudStorage/OneDrive-TheUniversityofHongKong-Connect/HKU Studies/Year 5/COMP4801 - CodeSpace/vendor/whatshap_core/src/pedmecheuristic.cpp:396:18: warning: unused variable 's' [-Wunused-variable]
        396 |         MecScore s = getOptPhasing(balances[p], optTrans[p], p, posPhasing, mut);
            |                  ^
      1 warning generated.
      clang++ -fno-strict-overflow -Wsign-compare -Wunreachable-code -DNDEBUG -O2 -Wall -fPIC -O2 -isystem /Users/cagysloth/miniconda3/include -arch arm64 -fPIC -O2 -isystem /Users/cagysloth/miniconda3/include -arch arm64 -UNDEBUG "-I/Users/cagysloth/Library/CloudStorage/OneDrive-TheUniversityofHongKong-Connect/HKU Studies/Year 5/COMP4801 - CodeSpace/vendor/whatshap_core/src" "-I/Users/cagysloth/Library/CloudStorage/OneDrive-TheUniversityofHongKong-Connect/HKU Studies/Year 5/COMP4801 - CodeSpace/.venv/include" -I/Users/cagysloth/miniconda3/include/python3.13 -c "/Users/cagysloth/Library/CloudStorage/OneDrive-TheUniversityofHongKong-Connect/HKU Studies/Year 5/COMP4801 - CodeSpace/vendor/whatshap_core/src/phredgenotypelikelihoods.cpp" -o "/var/folders/zb/1pq6svn50c3cphdqsd4k1hgr0000gn/T/tmpjhtud2y0.build-temp/Users/cagysloth/Library/CloudStorage/OneDrive-TheUniversityofHongKong-Connect/HKU Studies/Year 5/COMP4801 - CodeSpace/vendor/whatshap_core/src/phredgenotypelikelihoods.o" -std=c++11
      clang++ -fno-strict-overflow -Wsign-compare -Wunreachable-code -DNDEBUG -O2 -Wall -fPIC -O2 -isystem /Users/cagysloth/miniconda3/include -arch arm64 -fPIC -O2 -isystem /Users/cagysloth/miniconda3/include -arch arm64 -UNDEBUG "-I/Users/cagysloth/Library/CloudStorage/OneDrive-TheUniversityofHongKong-Connect/HKU Studies/Year 5/COMP4801 - CodeSpace/vendor/whatshap_core/src" "-I/Users/cagysloth/Library/CloudStorage/OneDrive-TheUniversityofHongKong-Connect/HKU Studies/Year 5/COMP4801 - CodeSpace/.venv/include" -I/Users/cagysloth/miniconda3/include/python3.13 -c "/Users/cagysloth/Library/CloudStorage/OneDrive-TheUniversityofHongKong-Connect/HKU Studies/Year 5/COMP4801 - CodeSpace/vendor/whatshap_core/src/read.cpp" -o "/var/folders/zb/1pq6svn50c3cphdqsd4k1hgr0000gn/T/tmpjhtud2y0.build-temp/Users/cagysloth/Library/CloudStorage/OneDrive-TheUniversityofHongKong-Connect/HKU Studies/Year 5/COMP4801 - CodeSpace/vendor/whatshap_core/src/read.o" -std=c++11
      clang++ -fno-strict-overflow -Wsign-compare -Wunreachable-code -DNDEBUG -O2 -Wall -fPIC -O2 -isystem /Users/cagysloth/miniconda3/include -arch arm64 -fPIC -O2 -isystem /Users/cagysloth/miniconda3/include -arch arm64 -UNDEBUG "-I/Users/cagysloth/Library/CloudStorage/OneDrive-TheUniversityofHongKong-Connect/HKU Studies/Year 5/COMP4801 - CodeSpace/vendor/whatshap_core/src" "-I/Users/cagysloth/Library/CloudStorage/OneDrive-TheUniversityofHongKong-Connect/HKU Studies/Year 5/COMP4801 - CodeSpace/.venv/include" -I/Users/cagysloth/miniconda3/include/python3.13 -c "/Users/cagysloth/Library/CloudStorage/OneDrive-TheUniversityofHongKong-Connect/HKU Studies/Year 5/COMP4801 - CodeSpace/vendor/whatshap_core/src/readset.cpp" -o "/var/folders/zb/1pq6svn50c3cphdqsd4k1hgr0000gn/T/tmpjhtud2y0.build-temp/Users/cagysloth/Library/CloudStorage/OneDrive-TheUniversityofHongKong-Connect/HKU Studies/Year 5/COMP4801 - CodeSpace/vendor/whatshap_core/src/readset.o" -std=c++11
      clang++ -fno-strict-overflow -Wsign-compare -Wunreachable-code -DNDEBUG -O2 -Wall -fPIC -O2 -isystem /Users/cagysloth/miniconda3/include -arch arm64 -fPIC -O2 -isystem /Users/cagysloth/miniconda3/include -arch arm64 -UNDEBUG "-I/Users/cagysloth/Library/CloudStorage/OneDrive-TheUniversityofHongKong-Connect/HKU Studies/Year 5/COMP4801 - CodeSpace/vendor/whatshap_core/src" "-I/Users/cagysloth/Library/CloudStorage/OneDrive-TheUniversityofHongKong-Connect/HKU Studies/Year 5/COMP4801 - CodeSpace/.venv/include" -I/Users/cagysloth/miniconda3/include/python3.13 -c "/Users/cagysloth/Library/CloudStorage/OneDrive-TheUniversityofHongKong-Connect/HKU Studies/Year 5/COMP4801 - CodeSpace/vendor/whatshap_core/src/transitionprobabilitycomputer.cpp" -o "/var/folders/zb/1pq6svn50c3cphdqsd4k1hgr0000gn/T/tmpjhtud2y0.build-temp/Users/cagysloth/Library/CloudStorage/OneDrive-TheUniversityofHongKong-Connect/HKU Studies/Year 5/COMP4801 - CodeSpace/vendor/whatshap_core/src/transitionprobabilitycomputer.o" -std=c++11
      In file included from /Users/cagysloth/Library/CloudStorage/OneDrive-TheUniversityofHongKong-Connect/HKU Studies/Year 5/COMP4801 - CodeSpace/vendor/whatshap_core/src/transitionprobabilitycomputer.cpp:1:
      /Users/cagysloth/Library/CloudStorage/OneDrive-TheUniversityofHongKong-Connect/HKU Studies/Year 5/COMP4801 - CodeSpace/vendor/whatshap_core/src/transitionprobabilitycomputer.h:16:21: warning: private field 'pedigree' is not used [-Wunused-private-field]
         16 |     const Pedigree* pedigree;
            |                     ^
      /Users/cagysloth/Library/CloudStorage/OneDrive-TheUniversityofHongKong-Connect/HKU Studies/Year 5/COMP4801 - CodeSpace/vendor/whatshap_core/src/transitionprobabilitycomputer.h:17:45: warning: private field 'pedigree_partitions' is not used [-Wunused-private-field]
         17 |     const std::vector<PedigreePartitions*>& pedigree_partitions;
            |                                             ^
      2 warnings generated.
      clang++ -fno-strict-overflow -Wsign-compare -Wunreachable-code -DNDEBUG -O2 -Wall -fPIC -O2 -isystem /Users/cagysloth/miniconda3/include -arch arm64 -fPIC -O2 -isystem /Users/cagysloth/miniconda3/include -arch arm64 -UNDEBUG "-I/Users/cagysloth/Library/CloudStorage/OneDrive-TheUniversityofHongKong-Connect/HKU Studies/Year 5/COMP4801 - CodeSpace/vendor/whatshap_core/src" "-I/Users/cagysloth/Library/CloudStorage/OneDrive-TheUniversityofHongKong-Connect/HKU Studies/Year 5/COMP4801 - CodeSpace/.venv/include" -I/Users/cagysloth/miniconda3/include/python3.13 -c "/Users/cagysloth/Library/CloudStorage/OneDrive-TheUniversityofHongKong-Connect/HKU Studies/Year 5/COMP4801 - CodeSpace/vendor/whatshap_core/whatshap/core.cpp" -o "/var/folders/zb/1pq6svn50c3cphdqsd4k1hgr0000gn/T/tmpjhtud2y0.build-temp/Users/cagysloth/Library/CloudStorage/OneDrive-TheUniversityofHongKong-Connect/HKU Studies/Year 5/COMP4801 - CodeSpace/vendor/whatshap_core/whatshap/core.o" -std=c++11
      In file included from /Users/cagysloth/Library/CloudStorage/OneDrive-TheUniversityofHongKong-Connect/HKU Studies/Year 5/COMP4801 - CodeSpace/vendor/whatshap_core/whatshap/core.cpp:846:
      /Users/cagysloth/Library/CloudStorage/OneDrive-TheUniversityofHongKong-Connect/HKU Studies/Year 5/COMP4801 - CodeSpace/vendor/whatshap_core/src/genotypedptable.h:38:88: warning: 'bind2nd<std::divides<long double>, long double>' is deprecated [-Wdeprecated-declarations]
         38 |       std::transform(likelihoods.begin(), likelihoods.end(), likelihoods.begin(), std::bind2nd(std::divides<long double>(), val));
            |                                                                                        ^
      /Applications/Xcode.app/Contents/Developer/Platforms/MacOSX.platform/Developer/SDKs/MacOSX.sdk/usr/include/c++/v1/__functional/binder2nd.h:45:1: note: 'bind2nd<std::divides<long double>, long double>' has been explicitly marked deprecated here
         45 | _LIBCPP_DEPRECATED_IN_CXX11 inline _LIBCPP_HIDE_FROM_ABI binder2nd<_Operation>
            | ^
      /Applications/Xcode.app/Contents/Developer/Platforms/MacOSX.platform/Developer/SDKs/MacOSX.sdk/usr/include/c++/v1/__config:1010:41: note: expanded from macro '_LIBCPP_DEPRECATED_IN_CXX11'
       1010 | #    define _LIBCPP_DEPRECATED_IN_CXX11 _LIBCPP_DEPRECATED
            |                                         ^
      /Applications/Xcode.app/Contents/Developer/Platforms/MacOSX.platform/Developer/SDKs/MacOSX.sdk/usr/include/c++/v1/__config:995:49: note: expanded from macro '_LIBCPP_DEPRECATED'
        995 | #      define _LIBCPP_DEPRECATED __attribute__((__deprecated__))
            |                                                 ^
      In file included from /Users/cagysloth/Library/CloudStorage/OneDrive-TheUniversityofHongKong-Connect/HKU Studies/Year 5/COMP4801 - CodeSpace/vendor/whatshap_core/whatshap/core.cpp:850:
      /Users/cagysloth/Library/CloudStorage/OneDrive-TheUniversityofHongKong-Connect/HKU Studies/Year 5/COMP4801 - CodeSpace/vendor/whatshap_core/src/hapchat/hapchatcore.cpp:145:11: warning: variable 'counter_columns' set but not used [-Wunused-but-set-variable]
        145 |   Counter counter_columns;
            |           ^
      /Users/cagysloth/Library/CloudStorage/OneDrive-TheUniversityofHongKong-Connect/HKU Studies/Year 5/COMP4801 - CodeSpace/vendor/whatshap_core/src/hapchat/hapchatcore.cpp:208:74: warning: comparison of integers of different signs: 'unsigned int' and 'int' [-Wsign-compare]
        208 |   return (!re_run && (hap.is_ended() && (input[pointer][0].get_read_id() == -1)));
            |                                          ~~~~~~~~~~~~~~~~~~~~~~~~~~~~~~~ ^  ~~
      /Users/cagysloth/Library/CloudStorage/OneDrive-TheUniversityofHongKong-Connect/HKU Studies/Year 5/COMP4801 - CodeSpace/vendor/whatshap_core/src/hapchat/hapchatcore.cpp:939:8: warning: unused variable 'old_k' [-Wunused-variable]
        939 |           int old_k = k_j[input_pointer];
            |               ^~~~~
      /Users/cagysloth/Library/CloudStorage/OneDrive-TheUniversityofHongKong-Connect/HKU Studies/Year 5/COMP4801 - CodeSpace/vendor/whatshap_core/src/hapchat/hapchatcore.cpp:482:13: warning: unused variable 'comb_gaps' [-Wunused-variable]
        482 |   BitColumn comb_gaps;
            |             ^~~~~~~~~
      /Users/cagysloth/Library/CloudStorage/OneDrive-TheUniversityofHongKong-Connect/HKU Studies/Year 5/COMP4801 - CodeSpace/vendor/whatshap_core/src/hapchat/hapchatcore.cpp:1041:11: warning: use of bitwise '&' with boolean operands [-Wbitwise-instead-of-logical]
       1041 |   } while((input_iterator != input.end()) & hap.has_next());
            |           ^~~~~~~~~~~~~~~~~~~~~~~~~~~~~~~~~~~~~~~~~~~~~~~~
            |                                           &&
      /Users/cagysloth/Library/CloudStorage/OneDrive-TheUniversityofHongKong-Connect/HKU Studies/Year 5/COMP4801 - CodeSpace/vendor/whatshap_core/src/hapchat/hapchatcore.cpp:1041:11: note: cast one or both operands to int to silence this warning
      /Users/cagysloth/Library/CloudStorage/OneDrive-TheUniversityofHongKong-Connect/HKU Studies/Year 5/COMP4801 - CodeSpace/vendor/whatshap_core/src/hapchat/hapchatcore.cpp:1115:33: warning: comparison of integers of different signs: 'unsigned int' and 'int' [-Wsign-compare]
       1115 |          (colQ[i].get_read_id() != -1)) {
            |           ~~~~~~~~~~~~~~~~~~~~~ ^  ~~
      /Users/cagysloth/Library/CloudStorage/OneDrive-TheUniversityofHongKong-Connect/HKU Studies/Year 5/COMP4801 - CodeSpace/vendor/whatshap_core/src/hapchat/hapchatcore.cpp:1114:33: warning: comparison of integers of different signs: 'unsigned int' and 'int' [-Wsign-compare]
       1114 |          (colJ[j].get_read_id() != -1) &&
            |           ~~~~~~~~~~~~~~~~~~~~~ ^  ~~
      /Users/cagysloth/Library/CloudStorage/OneDrive-TheUniversityofHongKong-Connect/HKU Studies/Year 5/COMP4801 - CodeSpace/vendor/whatshap_core/src/hapchat/hapchatcore.cpp:1159:58: warning: comparison of integers of different signs: 'unsigned int' and 'int' [-Wsign-compare]
       1159 |   while(cov < column.size() && column[cov].get_read_id() != -1) {
            |                                ~~~~~~~~~~~~~~~~~~~~~~~~~ ^  ~~
      /Users/cagysloth/Library/CloudStorage/OneDrive-TheUniversityofHongKong-Connect/HKU Studies/Year 5/COMP4801 - CodeSpace/vendor/whatshap_core/src/hapchat/hapchatcore.cpp:1295:33: warning: comparison of integers of different signs: 'unsigned int' and 'int' [-Wsign-compare]
       1295 |          (colQ[i].get_read_id() != -1)) {
            |           ~~~~~~~~~~~~~~~~~~~~~ ^  ~~
      /Users/cagysloth/Library/CloudStorage/OneDrive-TheUniversityofHongKong-Connect/HKU Studies/Year 5/COMP4801 - CodeSpace/vendor/whatshap_core/src/hapchat/hapchatcore.cpp:1294:33: warning: comparison of integers of different signs: 'unsigned int' and 'int' [-Wsign-compare]
       1294 |          (colJ[j].get_read_id() != -1) &&
            |           ~~~~~~~~~~~~~~~~~~~~~ ^  ~~
      /Users/cagysloth/Library/CloudStorage/OneDrive-TheUniversityofHongKong-Connect/HKU Studies/Year 5/COMP4801 - CodeSpace/vendor/whatshap_core/src/hapchat/hapchatcore.cpp:1350:67: warning: comparison of integers of different signs: 'unsigned int' and 'int' [-Wsign-compare]
       1350 |   if(i < input[pointer].size() && input[pointer][i].get_read_id() != -1)
            |                                   ~~~~~~~~~~~~~~~~~~~~~~~~~~~~~~~ ^  ~~
      /Users/cagysloth/Library/CloudStorage/OneDrive-TheUniversityofHongKong-Connect/HKU Studies/Year 5/COMP4801 - CodeSpace/vendor/whatshap_core/whatshap/core.cpp:939:59: warning: 'Py_UNICODE' is deprecated [-Wdeprecated-declarations]
        939 | static CYTHON_INLINE size_t __Pyx_Py_UNICODE_strlen(const Py_UNICODE *u) {
            |                                                           ^
      /Users/cagysloth/miniconda3/include/python3.13/cpython/unicodeobject.h:10:1: note: 'Py_UNICODE' has been explicitly marked deprecated here
         10 | Py_DEPRECATED(3.13) typedef wchar_t Py_UNICODE;
            | ^
      /Users/cagysloth/miniconda3/include/python3.13/pyport.h:251:54: note: expanded from macro 'Py_DEPRECATED'
        251 | #define Py_DEPRECATED(VERSION_UNUSED) __attribute__((__deprecated__))
            |                                                      ^
      /Users/cagysloth/Library/CloudStorage/OneDrive-TheUniversityofHongKong-Connect/HKU Studies/Year 5/COMP4801 - CodeSpace/vendor/whatshap_core/whatshap/core.cpp:940:11: warning: 'Py_UNICODE' is deprecated [-Wdeprecated-declarations]
        940 |     const Py_UNICODE *u_end = u;
            |           ^
      /Users/cagysloth/miniconda3/include/python3.13/cpython/unicodeobject.h:10:1: note: 'Py_UNICODE' has been explicitly marked deprecated here
         10 | Py_DEPRECATED(3.13) typedef wchar_t Py_UNICODE;
            | ^
      /Users/cagysloth/miniconda3/include/python3.13/pyport.h:251:54: note: expanded from macro 'Py_DEPRECATED'
        251 | #define Py_DEPRECATED(VERSION_UNUSED) __attribute__((__deprecated__))
            |                                                      ^
      /Users/cagysloth/Library/CloudStorage/OneDrive-TheUniversityofHongKong-Connect/HKU Studies/Year 5/COMP4801 - CodeSpace/vendor/whatshap_core/whatshap/core.cpp:1555:39: error: use of undeclared identifier '_PyInterpreterState_GetConfig'
       1555 |     __pyx_assertions_enabled_flag = ! _PyInterpreterState_GetConfig(__Pyx_PyThreadState_Current->interp)->optimization_level;
            |                                       ^
      /Users/cagysloth/Library/CloudStorage/OneDrive-TheUniversityofHongKong-Connect/HKU Studies/Year 5/COMP4801 - CodeSpace/vendor/whatshap_core/whatshap/core.cpp:10422:33: warning: comparison of integers of different signs: 'std::vector<ReadSet *>::size_type' (aka 'unsigned long') and 'Py_ssize_t' (aka 'long') [-Wsign-compare]
       10422 |   for (__pyx_t_5 = 0; __pyx_t_5 < __pyx_t_4; __pyx_t_5+=1) {
             |                       ~~~~~~~~~ ^ ~~~~~~~~~
      /Users/cagysloth/Library/CloudStorage/OneDrive-TheUniversityofHongKong-Connect/HKU Studies/Year 5/COMP4801 - CodeSpace/vendor/whatshap_core/whatshap/core.cpp:16655:33: warning: comparison of integers of different signs: 'std::vector<ReadSet *>::size_type' (aka 'unsigned long') and 'int' [-Wsign-compare]
       16655 |   for (__pyx_t_4 = 0; __pyx_t_4 < __pyx_t_3; __pyx_t_4+=1) {
             |                       ~~~~~~~~~ ^ ~~~~~~~~~
      /Users/cagysloth/Library/CloudStorage/OneDrive-TheUniversityofHongKong-Connect/HKU Studies/Year 5/COMP4801 - CodeSpace/vendor/whatshap_core/whatshap/core.cpp:25551:27: error: no matching function for call to '_PyLong_AsByteArray'
       25551 |                 int ret = _PyLong_AsByteArray((PyLongObject *)v,
             |                           ^~~~~~~~~~~~~~~~~~~
      /Users/cagysloth/miniconda3/include/python3.13/cpython/longobject.h:111:17: note: candidate function not viable: requires 6 arguments, but 5 were provided
        111 | PyAPI_FUNC(int) _PyLong_AsByteArray(PyLongObject* v,
            |                 ^                   ~~~~~~~~~~~~~~~~
        112 |     unsigned char* bytes, size_t n,
            |     ~~~~~~~~~~~~~~~~~~~~~~~~~~~~~~~
        113 |     int little_endian, int is_signed, int with_exceptions);
            |     ~~~~~~~~~~~~~~~~~~~~~~~~~~~~~~~~~~~~~~~~~~~~~~~~~~~~~
      /Users/cagysloth/Library/CloudStorage/OneDrive-TheUniversityofHongKong-Connect/HKU Studies/Year 5/COMP4801 - CodeSpace/vendor/whatshap_core/whatshap/core.cpp:25747:27: error: no matching function for call to '_PyLong_AsByteArray'
       25747 |                 int ret = _PyLong_AsByteArray((PyLongObject *)v,
             |                           ^~~~~~~~~~~~~~~~~~~
      /Users/cagysloth/miniconda3/include/python3.13/cpython/longobject.h:111:17: note: candidate function not viable: requires 6 arguments, but 5 were provided
        111 | PyAPI_FUNC(int) _PyLong_AsByteArray(PyLongObject* v,
            |                 ^                   ~~~~~~~~~~~~~~~~
        112 |     unsigned char* bytes, size_t n,
            |     ~~~~~~~~~~~~~~~~~~~~~~~~~~~~~~~
        113 |     int little_endian, int is_signed, int with_exceptions);
            |     ~~~~~~~~~~~~~~~~~~~~~~~~~~~~~~~~~~~~~~~~~~~~~~~~~~~~~
      /Users/cagysloth/Library/CloudStorage/OneDrive-TheUniversityofHongKong-Connect/HKU Studies/Year 5/COMP4801 - CodeSpace/vendor/whatshap_core/whatshap/core.cpp:25943:27: error: no matching function for call to '_PyLong_AsByteArray'
       25943 |                 int ret = _PyLong_AsByteArray((PyLongObject *)v,
             |                           ^~~~~~~~~~~~~~~~~~~
      /Users/cagysloth/miniconda3/include/python3.13/cpython/longobject.h:111:17: note: candidate function not viable: requires 6 arguments, but 5 were provided
        111 | PyAPI_FUNC(int) _PyLong_AsByteArray(PyLongObject* v,
            |                 ^                   ~~~~~~~~~~~~~~~~
        112 |     unsigned char* bytes, size_t n,
            |     ~~~~~~~~~~~~~~~~~~~~~~~~~~~~~~~
        113 |     int little_endian, int is_signed, int with_exceptions);
            |     ~~~~~~~~~~~~~~~~~~~~~~~~~~~~~~~~~~~~~~~~~~~~~~~~~~~~~
      /Users/cagysloth/Library/CloudStorage/OneDrive-TheUniversityofHongKong-Connect/HKU Studies/Year 5/COMP4801 - CodeSpace/vendor/whatshap_core/whatshap/core.cpp:26253:27: error: no matching function for call to '_PyLong_AsByteArray'
       26253 |                 int ret = _PyLong_AsByteArray((PyLongObject *)v,
             |                           ^~~~~~~~~~~~~~~~~~~
      /Users/cagysloth/miniconda3/include/python3.13/cpython/longobject.h:111:17: note: candidate function not viable: requires 6 arguments, but 5 were provided
        111 | PyAPI_FUNC(int) _PyLong_AsByteArray(PyLongObject* v,
            |                 ^                   ~~~~~~~~~~~~~~~~
        112 |     unsigned char* bytes, size_t n,
            |     ~~~~~~~~~~~~~~~~~~~~~~~~~~~~~~~
        113 |     int little_endian, int is_signed, int with_exceptions);
            |     ~~~~~~~~~~~~~~~~~~~~~~~~~~~~~~~~~~~~~~~~~~~~~~~~~~~~~
      /Users/cagysloth/Library/CloudStorage/OneDrive-TheUniversityofHongKong-Connect/HKU Studies/Year 5/COMP4801 - CodeSpace/vendor/whatshap_core/whatshap/core.cpp:26525:27: error: no matching function for call to '_PyLong_AsByteArray'
       26525 |                 int ret = _PyLong_AsByteArray((PyLongObject *)v,
             |                           ^~~~~~~~~~~~~~~~~~~
      /Users/cagysloth/miniconda3/include/python3.13/cpython/longobject.h:111:17: note: candidate function not viable: requires 6 arguments, but 5 were provided
        111 | PyAPI_FUNC(int) _PyLong_AsByteArray(PyLongObject* v,
            |                 ^                   ~~~~~~~~~~~~~~~~
        112 |     unsigned char* bytes, size_t n,
            |     ~~~~~~~~~~~~~~~~~~~~~~~~~~~~~~~
        113 |     int little_endian, int is_signed, int with_exceptions);
            |     ~~~~~~~~~~~~~~~~~~~~~~~~~~~~~~~~~~~~~~~~~~~~~~~~~~~~~
      /Users/cagysloth/Library/CloudStorage/OneDrive-TheUniversityofHongKong-Connect/HKU Studies/Year 5/COMP4801 - CodeSpace/vendor/whatshap_core/whatshap/core.cpp:26721:27: error: no matching function for call to '_PyLong_AsByteArray'
       26721 |                 int ret = _PyLong_AsByteArray((PyLongObject *)v,
             |                           ^~~~~~~~~~~~~~~~~~~
      /Users/cagysloth/miniconda3/include/python3.13/cpython/longobject.h:111:17: note: candidate function not viable: requires 6 arguments, but 5 were provided
        111 | PyAPI_FUNC(int) _PyLong_AsByteArray(PyLongObject* v,
            |                 ^                   ~~~~~~~~~~~~~~~~
        112 |     unsigned char* bytes, size_t n,
            |     ~~~~~~~~~~~~~~~~~~~~~~~~~~~~~~~
        113 |     int little_endian, int is_signed, int with_exceptions);
            |     ~~~~~~~~~~~~~~~~~~~~~~~~~~~~~~~~~~~~~~~~~~~~~~~~~~~~~
      /Users/cagysloth/Library/CloudStorage/OneDrive-TheUniversityofHongKong-Connect/HKU Studies/Year 5/COMP4801 - CodeSpace/vendor/whatshap_core/whatshap/core.cpp:27252:13: error: use of undeclared identifier '_PyGen_SetStopIterationValue'
       27252 |             _PyGen_SetStopIterationValue(result);
             |             ^
      16 warnings and 8 errors generated.
      error: command '/usr/bin/clang++' failed with exit code 1
      [end of output]
  
  note: This error originates from a subprocess, and is likely not a problem with pip.
  ERROR: Failed building editable for whcore
Failed to build whcore

[notice] A new release of pip is available: 25.2 -> 25.3
[notice] To update, run: pip install --upgrade pip
error: failed-wheel-build-for-install

× Failed to build installable wheels for some pyproject.toml based projects
╰─> whcore
